[Fri 08/08/2025 19:07:02.53] START 
[Fri 08/08/2025 19:07:02.53] WARNING: .venv not found, using system Python 
[Fri 08/08/2025 19:07:02.54] dbt run 
Usage: dbt run [OPTIONS]
Try 'dbt run -h' for help.

Error: Invalid value for '--profiles-dir': Path 'C:\\Users\\Allen\\Desktop\\Python\\Vita Markets\\dbt_profiles' does not exist.
[Fri 08/08/2025 19:07:04.60] FAILED code 2 
[Fri 08/08/2025 19:10:38.32] START 
[Fri 08/08/2025 19:10:38.32] WARNING: .venv not found, using system Python 
[Fri 08/08/2025 19:10:38.33] dbt run 
Usage: dbt run [OPTIONS]
Try 'dbt run -h' for help.

Error: Invalid value for '--profiles-dir': Path 'C:\\Users\\Allen\\Desktop\\Python\\Vita Markets\\dbt_profiles' does not exist.
[Fri 08/08/2025 19:10:40.43] FAILED code 2 
[Fri 08/08/2025 19:16:25.33] START 
[Fri 08/08/2025 19:16:25.33] WARNING: .venv not found, using system Python 
[Fri 08/08/2025 19:16:25.34] dbt run 
Usage: dbt run [OPTIONS]
Try 'dbt run -h' for help.

Error: Invalid value for '--profiles-dir': Path 'C:\\Users\\Allen\\Desktop\\Python\\Vita Markets\\dbt_profiles' does not exist.
[Fri 08/08/2025 19:16:27.42] FAILED code 2 
[Fri 08/08/2025 19:29:31.33] START 
[Fri 08/08/2025 19:29:31.33] dbt run 
Usage: dbt run [OPTIONS]
Try 'dbt run -h' for help.

Error: Invalid value for '--profiles-dir': Path 'C:\\Users\\Allen\\Desktop\\Python\\Vita Markets\\dbt_profiles' does not exist.
[Fri 08/08/2025 19:29:33.34] FAILED code 2 
