[Fri 08/08/2025 19:35:21.21] START 
[Fri 08/08/2025 19:35:21.21] CMD: python --version 
Python 3.13.3
[Fri 08/08/2025 19:35:21.25] FAILED: python --version 
[Fri 08/08/2025 19:35:21.26] CMD: python etl\refresh_actuals.py 
[Fri 08/08/2025 19:35:21.30] FAILED: python etl\refresh_actuals.py 
[Fri 08/08/2025 19:35:21.31] CMD: python prophet_improved.py 
Traceback (most recent call last):
  File "C:\Users\Allen\Desktop\Python\Vita Markets\prophet_improved.py", line 3, in <module>
    from prophet import Prophet
ModuleNotFoundError: No module named 'prophet'
[Fri 08/08/2025 19:35:23.35] FAILED: python prophet_improved.py 
[Fri 08/08/2025 19:35:23.36] CMD: python scripts\uploadforecast.py 
python: can't open file 'C:\\Users\\Allen\\Desktop\\Python\\Vita Markets\\scripts\\uploadforecast.py': [Errno 2] No such file or directory
[Fri 08/08/2025 19:35:23.41] FAILED: python scripts\uploadforecast.py 
[Fri 08/08/2025 19:35:23.42] CMD: python checkcsv.py 
CSV row count: 10485
                  total_units_sold  total_order_value
sku                                                  
Flagship Growth              93007        11461410.82
New Launch                   26249         2279835.62
Classic Seasonal             41197         1277015.57
Discontinued                 26411         1192992.80
Supply Disrupted             31441         1170899.50
[Fri 08/08/2025 19:35:23.91] FAILED: python checkcsv.py 
[Fri 08/08/2025 19:35:23.92] SUCCESS 
