[0m07:51:55.198523 [debug] [MainThread]: Sending event: {'category': 'dbt', 'action': 'invocation', 'label': 'start', 'context': [<snowplow_tracker.self_describing_json.SelfDescribingJson object at 0x0000028CB83E8440>, <snowplow_tracker.self_describing_json.SelfDescribingJson object at 0x0000028CB9417ED0>, <snowplow_tracker.self_describing_json.SelfDescribingJson object at 0x0000028CB9417C50>]}


============================== 07:51:55.203969 | d3acd3df-6701-47de-91fb-03d24e106d90 ==============================
[0m07:51:55.203969 [info ] [MainThread]: Running with dbt=1.10.6
[0m07:51:55.204531 [debug] [MainThread]: running dbt with arguments {'printer_width': '80', 'indirect_selection': 'eager', 'write_json': 'True', 'log_cache_events': 'False', 'partial_parse': 'True', 'cache_selected_only': 'False', 'warn_error': 'None', 'debug': 'False', 'version_check': 'True', 'log_path': 'logs', 'profiles_dir': 'C:\\Users\\Allen\\.dbt', 'fail_fast': 'False', 'use_colors': 'True', 'use_experimental_parser': 'False', 'empty': 'None', 'quiet': 'False', 'no_print': 'None', 'log_format': 'default', 'introspect': 'True', 'invocation_command': 'dbt init vitamarkets', 'static_parser': 'True', 'target_path': 'None', 'warn_error_options': 'WarnErrorOptionsV2(error=[], warn=[], silence=[])', 'send_anonymous_usage_stats': 'True'}
[0m07:51:55.224782 [debug] [MainThread]: Starter project path: C:\Users\Allen\AppData\Local\Programs\Python\Python313\Lib\site-packages\dbt\include\starter_project
[0m07:51:55.241597 [info ] [MainThread]: 
Your new dbt project "vitamarkets" was created!

For more information on how to configure the profiles.yml file,
please consult the dbt documentation here:

  https://docs.getdbt.com/docs/configure-your-profile

One more thing:

Need help? Don't hesitate to reach out to us via GitHub issues or on Slack:

  https://community.getdbt.com/

Happy modeling!

[0m07:51:55.242129 [info ] [MainThread]: Setting up your profile.
[0m07:54:44.562183 [info ] [MainThread]: Profile vitamarkets written to C:\Users\Allen\.dbt\profiles.yml using target's profile_template.yml and your supplied values. Run 'dbt debug' to validate the connection.
[0m07:54:44.563209 [debug] [MainThread]: Command `dbt init` succeeded at 07:54:44.563099 after 169.47 seconds
[0m07:54:44.563513 [debug] [MainThread]: Sending event: {'category': 'dbt', 'action': 'invocation', 'label': 'end', 'context': [<snowplow_tracker.self_describing_json.SelfDescribingJson object at 0x0000028CB94B6EA0>, <snowplow_tracker.self_describing_json.SelfDescribingJson object at 0x0000028CB95E3890>, <snowplow_tracker.self_describing_json.SelfDescribingJson object at 0x0000028CB938D590>]}
[0m07:54:44.563830 [debug] [MainThread]: Flushing usage events
[0m07:54:44.900479 [debug] [MainThread]: An error was encountered while trying to flush usage events
[0m08:01:40.393052 [debug] [MainThread]: Sending event: {'category': 'dbt', 'action': 'invocation', 'label': 'start', 'context': [<snowplow_tracker.self_describing_json.SelfDescribingJson object at 0x0000023C2A1C8440>, <snowplow_tracker.self_describing_json.SelfDescribingJson object at 0x0000023C2B1F7ED0>, <snowplow_tracker.self_describing_json.SelfDescribingJson object at 0x0000023C2B1F7C50>]}


============================== 08:01:40.396522 | dbab3f67-bb14-4dfa-a7df-ec7bbb16cee1 ==============================
[0m08:01:40.396522 [info ] [MainThread]: Running with dbt=1.10.6
[0m08:01:40.397023 [debug] [MainThread]: running dbt with arguments {'printer_width': '80', 'indirect_selection': 'eager', 'write_json': 'True', 'log_cache_events': 'False', 'partial_parse': 'True', 'cache_selected_only': 'False', 'warn_error': 'None', 'version_check': 'True', 'debug': 'False', 'log_path': 'logs', 'fail_fast': 'False', 'profiles_dir': 'C:\\Users\\Allen\\.dbt', 'use_colors': 'True', 'use_experimental_parser': 'False', 'no_print': 'None', 'quiet': 'False', 'empty': 'False', 'warn_error_options': 'WarnErrorOptionsV2(error=[], warn=[], silence=[])', 'static_parser': 'True', 'log_format': 'default', 'invocation_command': 'dbt run', 'target_path': 'None', 'introspect': 'True', 'send_anonymous_usage_stats': 'True'}
[0m08:01:40.397411 [error] [MainThread]: Encountered an error:
Runtime Error
  No dbt_project.yml found at expected path C:\Users\Allen\vitamarkets_dbt\dbt_project.yml
  Verify that each entry within packages.yml (and their transitive dependencies) contains a file named dbt_project.yml
  
[0m08:01:40.398242 [debug] [MainThread]: Command `dbt run` failed at 08:01:40.398139 after 0.10 seconds
[0m08:01:40.398510 [debug] [MainThread]: Sending event: {'category': 'dbt', 'action': 'invocation', 'label': 'end', 'context': [<snowplow_tracker.self_describing_json.SelfDescribingJson object at 0x0000023C2B0F7360>, <snowplow_tracker.self_describing_json.SelfDescribingJson object at 0x0000023C2B0E7E30>, <snowplow_tracker.self_describing_json.SelfDescribingJson object at 0x0000023C2B16C7C0>]}
[0m08:01:40.398788 [debug] [MainThread]: Flushing usage events
[0m08:01:40.679569 [debug] [MainThread]: An error was encountered while trying to flush usage events
[0m18:05:02.165341 [debug] [MainThread]: Sending event: {'category': 'dbt', 'action': 'invocation', 'label': 'start', 'context': [<snowplow_tracker.self_describing_json.SelfDescribingJson object at 0x000001EFC9FF8440>, <snowplow_tracker.self_describing_json.SelfDescribingJson object at 0x000001EFCB033ED0>, <snowplow_tracker.self_describing_json.SelfDescribingJson object at 0x000001EFCB033C50>]}


============================== 18:05:02.171784 | 79a8aa7b-7244-4e73-b91b-6aa709b799c7 ==============================
[0m18:05:02.171784 [info ] [MainThread]: Running with dbt=1.10.6
[0m18:05:02.172343 [debug] [MainThread]: running dbt with arguments {'printer_width': '80', 'indirect_selection': 'eager', 'write_json': 'True', 'log_cache_events': 'False', 'partial_parse': 'True', 'cache_selected_only': 'False', 'profiles_dir': 'C:\\Users\\Allen\\.dbt', 'debug': 'False', 'fail_fast': 'False', 'log_path': 'logs', 'version_check': 'True', 'warn_error': 'None', 'use_colors': 'True', 'use_experimental_parser': 'False', 'no_print': 'None', 'quiet': 'False', 'empty': 'False', 'warn_error_options': 'WarnErrorOptionsV2(error=[], warn=[], silence=[])', 'static_parser': 'True', 'invocation_command': 'dbt run --select mart_sales_summary', 'log_format': 'default', 'target_path': 'None', 'introspect': 'True', 'send_anonymous_usage_stats': 'True'}
[0m18:05:02.172710 [error] [MainThread]: Encountered an error:
Runtime Error
  No dbt_project.yml found at expected path C:\Users\Allen\Desktop\Python\Vita Markets\vitamarkets_dbt\dbt_project.yml
  Verify that each entry within packages.yml (and their transitive dependencies) contains a file named dbt_project.yml
  
[0m18:05:02.173722 [debug] [MainThread]: Command `dbt run` failed at 18:05:02.173611 after 0.12 seconds
[0m18:05:02.174004 [debug] [MainThread]: Sending event: {'category': 'dbt', 'action': 'invocation', 'label': 'end', 'context': [<snowplow_tracker.self_describing_json.SelfDescribingJson object at 0x000001EFCAF33490>, <snowplow_tracker.self_describing_json.SelfDescribingJson object at 0x000001EFCAF17E30>, <snowplow_tracker.self_describing_json.SelfDescribingJson object at 0x000001EFCAFA07C0>]}
[0m18:05:02.174293 [debug] [MainThread]: Flushing usage events
[0m18:05:02.395271 [debug] [MainThread]: An error was encountered while trying to flush usage events
